# JRE version: Java(TM) SE Runtime Environment (8.0_111-b14) (build 1.8.0_111-b14)
# Java VM: Java HotSpot(TM) 64-Bit Server VM (25.111-b14 mixed mode windows-amd64 compressed oops)
Heap:
 PSYoungGen      total 18944K, used 7445K [0x00000000eb180000, 0x00000000ec680000, 0x0000000100000000)
  eden space 16384K, 29% used [0x00000000eb180000,0x00000000eb6455e0,0x00000000ec180000)
  from space 2560K, 100% used [0x00000000ec180000,0x00000000ec400000,0x00000000ec400000)
  to   space 2560K, 0% used [0x00000000ec400000,0x00000000ec400000,0x00000000ec680000)
 ParOldGen       total 28160K, used 7640K [0x00000000c1400000, 0x00000000c2f80000, 0x00000000eb180000)
  object space 28160K, 27% used [0x00000000c1400000,0x00000000c1b76080,0x00000000c2f80000)
 Metaspace       used 11688K, capacity 11902K, committed 12160K, reserved 1060864K
  class space    used 1025K, capacity 1091K, committed 1152K, reserved 1048576K
GC Heap History (8 events):
Event: 1.124 GC heap before
{Heap before GC invocations=1 (full 0):
 PSYoungGen      total 18944K, used 16384K [0x00000000eb180000, 0x00000000ec680000, 0x0000000100000000)
  eden space 16384K, 100% used [0x00000000eb180000,0x00000000ec180000,0x00000000ec180000)
  from space 2560K, 0% used [0x00000000ec400000,0x00000000ec400000,0x00000000ec680000)
  to   space 2560K, 0% used [0x00000000ec180000,0x00000000ec180000,0x00000000ec400000)
 ParOldGen       total 44032K, used 17578K [0x00000000c1400000, 0x00000000c3f00000, 0x00000000eb180000)
  object space 44032K, 39% used [0x00000000c1400000,0x00000000c252a890,0x00000000c3f00000)
 Metaspace       used 10770K, capacity 10974K, committed 11136K, reserved 1058816K
  class space    used 988K, capacity 1059K, committed 1152K, reserved 1048576K
Event: 1.130 GC heap after
Heap after GC invocations=1 (full 0):
 PSYoungGen      total 18944K, used 2549K [0x00000000eb180000, 0x00000000ec680000, 0x0000000100000000)
  eden space 16384K, 0% used [0x00000000eb180000,0x00000000eb180000,0x00000000ec180000)
  from space 2560K, 99% used [0x00000000ec180000,0x00000000ec3fd710,0x00000000ec400000)
  to   space 2560K, 0% used [0x00000000ec400000,0x00000000ec400000,0x00000000ec680000)
 ParOldGen       total 44032K, used 18814K [0x00000000c1400000, 0x00000000c3f00000, 0x00000000eb180000)
  object space 44032K, 42% used [0x00000000c1400000,0x00000000c265fb40,0x00000000c3f00000)
 Metaspace       used 10770K, capacity 10974K, committed 11136K, reserved 1058816K
  class space    used 988K, capacity 1059K, committed 1152K, reserved 1048576K
}
Event: 1.276 GC heap before
{Heap before GC invocations=2 (full 0):
 PSYoungGen      total 18944K, used 18933K [0x00000000eb180000, 0x00000000ec680000, 0x0000000100000000)
  eden space 16384K, 100% used [0x00000000eb180000,0x00000000ec180000,0x00000000ec180000)
  from space 2560K, 99% used [0x00000000ec180000,0x00000000ec3fd710,0x00000000ec400000)
  to   space 2560K, 0% used [0x00000000ec400000,0x00000000ec400000,0x00000000ec680000)
 ParOldGen       total 44032K, used 18814K [0x00000000c1400000, 0x00000000c3f00000, 0x00000000eb180000)
  object space 44032K, 42% used [0x00000000c1400000,0x00000000c265fb40,0x00000000c3f00000)
 Metaspace       used 10812K, capacity 11038K, committed 11136K, reserved 1058816K
  class space    used 992K, capacity 1059K, committed 1152K, reserved 1048576K
Event: 1.278 GC heap after
Heap after GC invocations=2 (full 0):
 PSYoungGen      total 18944K, used 1552K [0x00000000eb180000, 0x00000000ec680000, 0x0000000100000000)
  eden space 16384K, 0% used [0x00000000eb180000,0x00000000eb180000,0x00000000ec180000)
  from space 2560K, 60% used [0x00000000ec400000,0x00000000ec584010,0x00000000ec680000)
  to   space 2560K, 0% used [0x00000000ec180000,0x00000000ec180000,0x00000000ec400000)
 ParOldGen       total 44032K, used 18822K [0x00000000c1400000, 0x00000000c3f00000, 0x00000000eb180000)
  object space 44032K, 42% used [0x00000000c1400000,0x00000000c2661b40,0x00000000c3f00000)
 Metaspace       used 10812K, capacity 11038K, committed 11136K, reserved 1058816K
  class space    used 992K, capacity 1059K, committed 1152K, reserved 1048576K
}
Event: 5.224 GC heap before
{Heap before GC invocations=3 (full 1):
 PSYoungGen      total 18944K, used 17936K [0x00000000eb180000, 0x00000000ec680000, 0x0000000100000000)
  eden space 16384K, 100% used [0x00000000eb180000,0x00000000ec180000,0x00000000ec180000)
  from space 2560K, 60% used [0x00000000ec400000,0x00000000ec584010,0x00000000ec680000)
  to   space 2560K, 0% used [0x00000000ec180000,0x00000000ec180000,0x00000000ec400000)
 ParOldGen       total 67584K, used 65697K [0x00000000c1400000, 0x00000000c5600000, 0x00000000eb180000)
  object space 67584K, 97% used [0x00000000c1400000,0x00000000c5428760,0x00000000c5600000)
 Metaspace       used 11659K, capacity 11902K, committed 12160K, reserved 1060864K
  class space    used 1025K, capacity 1091K, committed 1152K, reserved 1048576K
Event: 5.246 GC heap after
Heap after GC invocations=3 (full 1):
 PSYoungGen      total 18944K, used 0K [0x00000000eb180000, 0x00000000ec680000, 0x0000000100000000)
  eden space 16384K, 0% used [0x00000000eb180000,0x00000000eb180000,0x00000000ec180000)
  from space 2560K, 0% used [0x00000000ec400000,0x00000000ec400000,0x00000000ec680000)
  to   space 2560K, 0% used [0x00000000ec180000,0x00000000ec180000,0x00000000ec400000)
 ParOldGen       total 28160K, used 2680K [0x00000000c1400000, 0x00000000c2f80000, 0x00000000eb180000)
  object space 28160K, 9% used [0x00000000c1400000,0x00000000c169e080,0x00000000c2f80000)
 Metaspace       used 11659K, capacity 11902K, committed 12160K, reserved 1060864K
  class space    used 1025K, capacity 1091K, committed 1152K, reserved 1048576K
}
Event: 22.068 GC heap before
{Heap before GC invocations=4 (full 1):
 PSYoungGen      total 18944K, used 16384K [0x00000000eb180000, 0x00000000ec680000, 0x0000000100000000)
  eden space 16384K, 100% used [0x00000000eb180000,0x00000000ec180000,0x00000000ec180000)
  from space 2560K, 0% used [0x00000000ec400000,0x00000000ec400000,0x00000000ec680000)
  to   space 2560K, 0% used [0x00000000ec180000,0x00000000ec180000,0x00000000ec400000)
 ParOldGen       total 28160K, used 2680K [0x00000000c1400000, 0x00000000c2f80000, 0x00000000eb180000)
  object space 28160K, 9% used [0x00000000c1400000,0x00000000c169e080,0x00000000c2f80000)
 Metaspace       used 11679K, capacity 11902K, committed 12160K, reserved 1060864K
  class space    used 1025K, capacity 1091K, committed 1152K, reserved 1048576K
Event: 22.087 GC heap after
Heap after GC invocations=4 (full 1):
 PSYoungGen      total 18944K, used 2560K [0x00000000eb180000, 0x00000000ec680000, 0x0000000100000000)
  eden space 16384K, 0% used [0x00000000eb180000,0x00000000eb180000,0x00000000ec180000)
  from space 2560K, 100% used [0x00000000ec180000,0x00000000ec400000,0x00000000ec400000)
  to   space 2560K, 0% used [0x00000000ec400000,0x00000000ec400000,0x00000000ec680000)
 ParOldGen       total 28160K, used 7640K [0x00000000c1400000, 0x00000000c2f80000, 0x00000000eb180000)
  object space 28160K, 27% used [0x00000000c1400000,0x00000000c1b76080,0x00000000c2f80000)
 Metaspace       used 11679K, capacity 11902K, committed 12160K, reserved 1060864K
  class space    used 1025K, capacity 1091K, committed 1152K, reserved 1048576K
}

